0.982378
0.983366
0.984550
0.985680
0.986964
0.988139
0.989293
0.990180
0.990995
0.991709
0.992370
0.993003
0.993751
0.994370
0.994841
0.995374
0.995794
0.996121
0.996395
0.996522
0.996642
0.996784
0.996854
0.996902
0.996946
0.996988
0.997000
0.997012
0.997028
0.997045
0.997059
0.997071
0.997077
0.997091
0.997098
0.997105
0.997115
0.997124
0.997131
0.997139
0.997145
0.997151
0.997157
0.997166
0.997180
0.997197
0.997201
0.997211
0.997221
0.997233
0.997241
0.997250
0.997255
0.997261
0.997265
0.997272
0.997277
0.997282
0.997285
0.997287
0.997286
0.997292
0.997295
0.997300
0.997304
0.997309
0.997313
0.997313
0.997317
0.997322
0.997327
0.997333
0.997338
0.997342
0.997343
0.997346
0.997349
0.997355
0.997358
0.997362
0.997366
0.997372
0.997374
0.997377
0.997380
0.997388
0.997392
0.997394
0.997398
0.997399
0.997404
0.997413
0.997416
0.997420
0.997423
0.997431
0.997440
0.997449
0.997454
0.997456
