0.981595
0.983441
0.985116
0.986547
0.987881
0.989061
0.990111
0.991087
0.991843
0.992550
0.993175
0.993584
0.993958
0.994310
0.994594
0.994772
0.994949
0.995070
0.995211
0.995417
0.995671
0.996094
0.996305
0.996358
0.996377
0.996403
0.996424
0.996434
0.996443
0.996453
0.996459
0.996465
0.996471
0.996478
0.996485
0.996490
0.996500
0.996507
0.996515
0.996523
0.996526
0.996532
0.996538
0.996545
0.996549
0.996553
0.996556
0.996559
0.996566
0.996570
0.996575
0.996578
0.996582
0.996585
0.996589
0.996590
0.996594
0.996598
0.996600
0.996604
0.996608
0.996609
0.996611
0.996616
0.996620
0.996626
0.996630
0.996636
0.996644
0.996648
0.996652
0.996656
0.996660
0.996665
0.996669
0.996673
0.996677
0.996683
0.996687
0.996692
0.996696
0.996700
0.996704
0.996708
0.996710
0.996713
0.996716
0.996718
0.996722
0.996724
0.996728
0.996733
0.996737
0.996740
0.996742
0.996744
0.996747
0.996749
0.996751
0.996753
