0.034270
0.033873
0.033361
0.032797
0.032207
0.031606
0.031008
0.030415
0.029818
0.029206
0.028573
0.027919
0.027240
0.026535
0.025801
0.025035
0.024236
0.023408
0.022557
0.021689
0.020813
0.019941
0.019080
0.018242
0.017436
0.016669
0.015947
0.015274
0.014652
0.014082
0.013561
0.013088
0.012659
0.012270
0.011918
0.011601
0.011315
0.011057
0.010824
0.010613
0.010423
0.010250
0.010093
0.009951
0.009822
0.009704
0.009596
0.009498
0.009407
0.009324
0.009248
0.009177
0.009112
0.009051
0.008995
0.008942
0.008893
0.008846
0.008802
0.008761
0.008722
0.008685
0.008650
0.008616
0.008585
0.008554
0.008525
0.008497
0.008470
0.008444
0.008419
0.008395
0.008372
0.008349
0.008327
0.008306
0.008285
0.008265
0.008246
0.008227
0.008208
0.008190
0.008172
0.008154
0.008137
0.008121
0.008104
0.008088
0.008073
0.008057
0.008042
0.008027
0.008013
0.007999
0.007985
0.007971
0.007957
0.007944
0.007931
0.007918
