0.034435
0.033725
0.032831
0.031878
0.030935
0.030032
0.029171
0.028341
0.027521
0.026718
0.025922
0.025121
0.024315
0.023499
0.022675
0.021847
0.021016
0.020188
0.019363
0.018546
0.017739
0.016948
0.016174
0.015423
0.014698
0.014002
0.013342
0.012716
0.012130
0.011587
0.011086
0.010633
0.010224
0.009860
0.009534
0.009245
0.008990
0.008766
0.008569
0.008397
0.008246
0.008113
0.007996
0.007892
0.007798
0.007715
0.007639
0.007570
0.007507
0.007449
0.007395
0.007345
0.007298
0.007254
0.007213
0.007174
0.007137
0.007101
0.007068
0.007036
0.007006
0.006977
0.006949
0.006923
0.006897
0.006872
0.006849
0.006826
0.006804
0.006782
0.006761
0.006741
0.006722
0.006702
0.006684
0.006666
0.006648
0.006630
0.006613
0.006597
0.006580
0.006564
0.006548
0.006533
0.006517
0.006502
0.006488
0.006473
0.006458
0.006444
0.006430
0.006416
0.006402
0.006388
0.006374
0.006361
0.006348
0.006334
0.006321
0.006308
