0.978958
0.980171
0.981543
0.983017
0.984247
0.985377
0.986427
0.987501
0.988379
0.989309
0.990088
0.990793
0.991458
0.992035
0.992506
0.992878
0.993264
0.993632
0.993910
0.994130
0.994272
0.994415
0.994583
0.994683
0.994797
0.994886
0.994919
0.994947
0.995004
0.995009
0.995012
0.995013
0.995015
0.995016
0.995016
0.995016
0.995017
0.995019
0.995019
0.995019
0.995020
0.995021
0.995024
0.995025
0.995026
0.995027
0.995028
0.995028
0.995028
0.995029
0.995030
0.995032
0.995032
0.995033
0.995034
0.995035
0.995035
0.995036
0.995036
0.995037
0.995037
0.995037
0.995037
0.995038
0.995039
0.995039
0.995040
0.995041
0.995041
0.995042
0.995042
0.995043
0.995044
0.995045
0.995046
0.995046
0.995047
0.995047
0.995048
0.995048
0.995049
0.995051
0.995052
0.995054
0.995055
0.995058
0.995059
0.995060
0.995061
0.995063
0.995064
0.995066
0.995067
0.995068
0.995069
0.995070
0.995071
0.995073
0.995075
0.995076
