0.037321
0.036263
0.034959
0.033595
0.032368
0.031317
0.030312
0.029401
0.028581
0.027798
0.027018
0.026224
0.025422
0.024623
0.023820
0.022991
0.022132
0.021257
0.020371
0.019477
0.018578
0.017689
0.016815
0.015968
0.015149
0.014370
0.013640
0.012956
0.012324
0.011744
0.011214
0.010733
0.010299
0.009908
0.009557
0.009240
0.008954
0.008701
0.008470
0.008263
0.008077
0.007907
0.007754
0.007615
0.007487
0.007371
0.007264
0.007165
0.007074
0.006990
0.006911
0.006837
0.006769
0.006706
0.006645
0.006589
0.006535
0.006486
0.006438
0.006394
0.006351
0.006311
0.006273
0.006237
0.006203
0.006171
0.006140
0.006111
0.006083
0.006056
0.006030
0.006006
0.005982
0.005959
0.005938
0.005918
0.005897
0.005877
0.005859
0.005841
0.005823
0.005806
0.005790
0.005774
0.005758
0.005742
0.005727
0.005712
0.005698
0.005684
0.005670
0.005656
0.005642
0.005629
0.005616
0.005604
0.005591
0.005579
0.005567
0.005556
0.005544
0.005532
0.005521
0.005510
0.005499
0.005488
0.005478
0.005467
0.005457
0.005447
0.005437
0.005427
0.005418
0.005408
0.005398
0.005389
0.005380
0.005371
0.005362
0.005353
0.005345
0.005336
0.005328
0.005319
0.005311
0.005303
0.005295
0.005287
0.005278
0.005271
0.005263
0.005255
0.005247
0.005240
0.005232
0.005225
0.005218
0.005210
0.005203
0.005196
0.005189
0.005181
0.005175
0.005168
0.005161
0.005154
0.005147
0.005140
0.005134
0.005127
0.005120
0.005114
0.005107
0.005101
0.005094
0.005088
0.005081
0.005075
0.005069
0.005062
0.005056
0.005050
0.005043
0.005037
0.005031
0.005025
0.005019
0.005013
0.005007
0.005001
0.004994
0.004989
0.004983
0.004977
0.004971
0.004965
0.004959
0.004953
0.004948
0.004942
0.004936
0.004931
0.004925
0.004919
0.004914
0.004908
0.004902
0.004896
0.004891
0.004885
0.004880
0.004874
0.004868
0.004863
0.004858
0.004852
0.004846
0.004841
0.004836
0.004831
