0.981425
0.982747
0.984105
0.985388
0.986907
0.988134
0.989182
0.990163
0.991054
0.991876
0.992572
0.993170
0.993820
0.994484
0.994968
0.995338
0.995652
0.996032
0.996353
0.996600
0.996729
0.996865
0.996989
0.997090
0.997184
0.997273
0.997309
0.997334
0.997345
0.997352
0.997361
0.997364
0.997368
0.997374
0.997380
0.997394
0.997409
0.997423
0.997430
0.997434
0.997441
0.997448
0.997454
0.997459
0.997463
0.997469
0.997474
0.997476
0.997479
0.997488
0.997497
0.997500
0.997499
0.997498
0.997505
0.997519
0.997524
0.997523
0.997529
0.997535
0.997537
0.997543
0.997550
0.997551
0.997553
0.997559
0.997563
0.997570
0.997574
0.997579
0.997585
0.997586
0.997585
0.997591
0.997600
0.997607
0.997608
0.997611
0.997617
0.997617
0.997620
0.997630
0.997639
0.997645
0.997650
0.997651
0.997654
0.997661
0.997669
0.997673
0.997672
0.997670
0.997675
0.997682
0.997693
0.997693
0.997689
0.997693
0.997703
0.997710
0.997710
0.997711
0.997717
0.997725
0.997725
0.997724
0.997728
0.997735
0.997737
0.997745
0.997746
0.997752
0.997759
0.997764
0.997764
0.997762
0.997771
0.997785
0.997788
0.997789
0.997790
0.997789
0.997793
0.997802
0.997809
0.997805
0.997804
0.997813
0.997821
0.997826
0.997828
0.997827
0.997833
0.997845
0.997850
0.997857
0.997864
0.997866
0.997865
0.997870
0.997873
0.997874
0.997882
0.997891
0.997895
0.997896
0.997896
0.997899
0.997909
0.997915
0.997912
0.997907
0.997908
0.997915
0.997923
0.997927
0.997924
0.997926
0.997927
0.997929
0.997930
0.997933
0.997935
0.997936
0.997937
0.997939
0.997941
0.997945
0.997946
0.997948
0.997949
0.997952
0.997955
0.997956
0.997959
0.997957
0.997963
0.997961
0.997958
0.997957
0.997965
0.997973
0.997972
0.997969
0.997969
0.997971
0.997977
0.997982
0.997982
0.997979
0.997979
0.997981
0.997988
0.997991
0.997989
0.997986
0.997986
0.997989
0.997992
0.997997
