0.030301
0.029793
0.029194
0.028599
0.028015
0.027436
0.026865
0.026304
0.025751
0.025204
0.024652
0.024092
0.023510
0.022898
0.022253
0.021569
0.020852
0.020102
0.019328
0.018538
0.017739
0.016945
0.016156
0.015386
0.014640
0.013928
0.013252
0.012618
0.012025
0.011476
0.010970
0.010504
0.010077
0.009687
0.009334
0.009012
0.008722
0.008462
0.008229
0.008018
0.007829
0.007660
0.007509
0.007370
0.007246
0.007134
0.007032
0.006939
0.006855
0.006777
0.006706
0.006640
0.006580
0.006524
0.006471
0.006422
0.006377
0.006334
0.006294
0.006256
0.006220
0.006187
0.006156
0.006126
0.006098
0.006072
0.006046
0.006022
0.005999
0.005978
0.005957
0.005936
0.005917
0.005898
0.005880
0.005863
0.005846
0.005829
0.005813
0.005798
0.005782
0.005768
0.005753
0.005739
0.005725
0.005712
0.005699
0.005686
0.005673
0.005661
0.005649
0.005637
0.005625
0.005614
0.005603
0.005592
0.005581
0.005570
0.005560
0.005549
